0 info it worked if it ends with ok
1 verbose cli [ '/usr/bin/node', '/usr/bin/npm', 'i' ]
2 info using npm@3.5.2
3 info using node@v8.10.0
4 silly loadCurrentTree Starting
5 silly install loadCurrentTree
6 silly install readLocalPackageData
7 silly install normalizeTree
8 silly loadCurrentTree Finishing
9 silly loadIdealTree Starting
10 silly install loadIdealTree
11 silly cloneCurrentTree Starting
12 silly install cloneCurrentTreeToIdealTree
13 silly cloneCurrentTree Finishing
14 silly loadShrinkwrap Starting
15 silly install loadShrinkwrap
16 silly loadShrinkwrap Finishing
17 silly loadAllDepsIntoIdealTree Starting
18 silly install loadAllDepsIntoIdealTree
19 silly fetchNamedPackageData axios
20 silly mapToRegistry name axios
21 silly mapToRegistry using default registry
22 silly mapToRegistry registry https://registry.npmjs.org/
23 silly mapToRegistry uri https://registry.npmjs.org/axios
24 silly fetchNamedPackageData react-router
25 silly mapToRegistry name react-router
26 silly mapToRegistry using default registry
27 silly mapToRegistry registry https://registry.npmjs.org/
28 silly mapToRegistry uri https://registry.npmjs.org/react-router
29 verbose request uri https://registry.npmjs.org/react-router
30 verbose request no auth needed
31 info attempt registry request try #1 at 10:43:46
32 verbose request id ec8a46ac68d6bd20
33 http request GET https://registry.npmjs.org/react-router
34 verbose request uri https://registry.npmjs.org/axios
35 verbose request no auth needed
36 info attempt registry request try #1 at 10:43:46
37 verbose etag "b46b6c71e6134dd1dd02db8392ce5e9b"
38 verbose lastModified Wed, 29 Aug 2018 13:38:33 GMT
39 http request GET https://registry.npmjs.org/axios
40 info retry will retry, error on last attempt: Error: Hostname/IP doesn't match certificate's altnames: "Host: registry.npmjs.org. is not in the cert's altnames: DNS:a.sni.fastly.net, DNS:a.sni.global-ssl.fastly.net"
41 info retry will retry, error on last attempt: Error: Hostname/IP doesn't match certificate's altnames: "Host: registry.npmjs.org. is not in the cert's altnames: DNS:a.sni.fastly.net, DNS:a.sni.global-ssl.fastly.net"
42 info attempt registry request try #2 at 10:43:56
43 verbose etag "b46b6c71e6134dd1dd02db8392ce5e9b"
44 verbose lastModified Wed, 29 Aug 2018 13:38:33 GMT
45 http request GET https://registry.npmjs.org/axios
46 info attempt registry request try #2 at 10:43:56
47 http request GET https://registry.npmjs.org/react-router
48 info retry will retry, error on last attempt: Error: Hostname/IP doesn't match certificate's altnames: "Host: registry.npmjs.org. is not in the cert's altnames: DNS:a.sni.fastly.net, DNS:a.sni.global-ssl.fastly.net"
49 info retry will retry, error on last attempt: Error: Hostname/IP doesn't match certificate's altnames: "Host: registry.npmjs.org. is not in the cert's altnames: DNS:a.sni.fastly.net, DNS:a.sni.global-ssl.fastly.net"
50 info attempt registry request try #3 at 10:44:56
51 verbose etag "b46b6c71e6134dd1dd02db8392ce5e9b"
52 verbose lastModified Wed, 29 Aug 2018 13:38:33 GMT
53 http request GET https://registry.npmjs.org/axios
54 info attempt registry request try #3 at 10:44:56
55 http request GET https://registry.npmjs.org/react-router
56 silly fetchPackageMetaData Error: Hostname/IP doesn't match certificate's altnames: "Host: registry.npmjs.org. is not in the cert's altnames: DNS:a.sni.fastly.net, DNS:a.sni.global-ssl.fastly.net"
56 silly fetchPackageMetaData     at Object.checkServerIdentity (tls.js:223:17)
56 silly fetchPackageMetaData     at TLSSocket.<anonymous> (_tls_wrap.js:1111:29)
56 silly fetchPackageMetaData     at emitNone (events.js:106:13)
56 silly fetchPackageMetaData     at TLSSocket.emit (events.js:208:7)
56 silly fetchPackageMetaData     at TLSSocket._finishInit (_tls_wrap.js:639:8)
56 silly fetchPackageMetaData     at TLSWrap.ssl.onhandshakedone (_tls_wrap.js:469:38)
56 silly fetchPackageMetaData  error for react-router@^4.3.1 { Error: Hostname/IP doesn't match certificate's altnames: "Host: registry.npmjs.org. is not in the cert's altnames: DNS:a.sni.fastly.net, DNS:a.sni.global-ssl.fastly.net"
56 silly fetchPackageMetaData     at Object.checkServerIdentity (tls.js:223:17)
56 silly fetchPackageMetaData     at TLSSocket.<anonymous> (_tls_wrap.js:1111:29)
56 silly fetchPackageMetaData     at emitNone (events.js:106:13)
56 silly fetchPackageMetaData     at TLSSocket.emit (events.js:208:7)
56 silly fetchPackageMetaData     at TLSSocket._finishInit (_tls_wrap.js:639:8)
56 silly fetchPackageMetaData     at TLSWrap.ssl.onhandshakedone (_tls_wrap.js:469:38)
56 silly fetchPackageMetaData   reason: 'Host: registry.npmjs.org. is not in the cert\'s altnames: DNS:a.sni.fastly.net, DNS:a.sni.global-ssl.fastly.net',
56 silly fetchPackageMetaData   host: 'registry.npmjs.org',
56 silly fetchPackageMetaData   cert:
56 silly fetchPackageMetaData    { subject:
56 silly fetchPackageMetaData       { C: 'US',
56 silly fetchPackageMetaData         ST: 'California',
56 silly fetchPackageMetaData         L: 'San Francisco',
56 silly fetchPackageMetaData         O: 'Fastly, Inc.',
56 silly fetchPackageMetaData         CN: 'a.sni.fastly.net' },
56 silly fetchPackageMetaData      issuer:
56 silly fetchPackageMetaData       { C: 'BE',
56 silly fetchPackageMetaData         O: 'GlobalSign nv-sa',
56 silly fetchPackageMetaData         CN: 'GlobalSign Organization Validation CA - SHA256 - G2' },
56 silly fetchPackageMetaData      subjectaltname: 'DNS:a.sni.fastly.net, DNS:a.sni.global-ssl.fastly.net',
56 silly fetchPackageMetaData      infoAccess: { 'CA Issuers - URI': [Array], 'OCSP - URI': [Array] },
56 silly fetchPackageMetaData      modulus: 'E52A134067F6466ED603D4C143594789AB140EDF23FE6C347F08CE76E883825C152109FAC202161320EB7E2309654516A2AE77970790342A5AF661F9D715FBD4C0152A1863ACD6E87061957F8A53087D1F0E6FA71E05236C082D17FEA54EBA795FD0A53B3991C2EDA1E79E43D616B40415D3EE768371F69CB9FB754D73FECC3DBBAAA3C3A47C239923E9950FD15203AAB6670A29DAE21CC9642544A84EA7D54ABDD54032A39AF357B56C8A5AA34D450870D9D4524AAECEF3C5A738AA631CB2396FC3EBF54588F0B262D94A166B927734453EC8FEA7475D26AC91D3D333BF1B3E36E8EA4765A80B67C9B5F97269515581676B78A1D1087470FF9F6404960BF829',
56 silly fetchPackageMetaData      exponent: '0x10001',
56 silly fetchPackageMetaData      valid_from: 'Jul  9 18:51:07 2018 GMT',
56 silly fetchPackageMetaData      valid_to: 'Jul  9 18:51:07 2020 GMT',
56 silly fetchPackageMetaData      fingerprint: '39:BF:DC:2A:63:94:EE:A3:1E:7A:4A:47:2B:D7:D7:AD:2D:6E:BB:5B',
56 silly fetchPackageMetaData      ext_key_usage: [ '1.3.6.1.5.5.7.3.1', '1.3.6.1.5.5.7.3.2' ],
56 silly fetchPackageMetaData      serialNumber: '5D43BB5BCB9DAD6D90F12FC5',
56 silly fetchPackageMetaData      raw: <Buffer 30 82 06 db 30 82 05 c3 a0 03 02 01 02 02 0c 5d 43 bb 5b cb 9d ad 6d 90 f1 2f c5 30 0d 06 09 2a 86 48 86 f7 0d 01 01 0b 05 00 30 66 31 0b 30 09 06 03 ... > } }
57 silly get cb [ 304, undefined ]
58 verbose etag https://registry.npmjs.org/axios from cache
59 verbose get saving axios to /home/baerserk/.npm/registry.npmjs.org/axios/.cache.json
60 silly resolveWithNewModule axios@0.18.0 checking installable status
61 silly cache add args [ 'axios@^0.18.0', null ]
62 verbose cache add spec axios@^0.18.0
63 silly cache add parsed spec Result {
63 silly cache add   raw: 'axios@^0.18.0',
63 silly cache add   scope: null,
63 silly cache add   name: 'axios',
63 silly cache add   rawSpec: '^0.18.0',
63 silly cache add   spec: '>=0.18.0 <0.19.0',
63 silly cache add   type: 'range' }
64 silly addNamed axios@>=0.18.0 <0.19.0
65 verbose addNamed ">=0.18.0 <0.19.0" is a valid semver range for axios
66 silly addNameRange { name: 'axios', range: '>=0.18.0 <0.19.0', hasData: false }
67 silly mapToRegistry name axios
68 silly mapToRegistry using default registry
69 silly mapToRegistry registry https://registry.npmjs.org/
70 silly mapToRegistry uri https://registry.npmjs.org/axios
71 verbose addNameRange registry:https://registry.npmjs.org/axios not in flight; fetching
72 verbose get https://registry.npmjs.org/axios not expired, no request
73 silly addNameRange number 2 { name: 'axios', range: '>=0.18.0 <0.19.0', hasData: true }
74 silly addNameRange versions [ 'axios',
74 silly addNameRange   [ '0.1.0',
74 silly addNameRange     '0.2.0',
74 silly addNameRange     '0.2.1',
74 silly addNameRange     '0.2.2',
74 silly addNameRange     '0.3.0',
74 silly addNameRange     '0.3.1',
74 silly addNameRange     '0.4.0',
74 silly addNameRange     '0.4.1',
74 silly addNameRange     '0.4.2',
74 silly addNameRange     '0.5.0',
74 silly addNameRange     '0.5.1',
74 silly addNameRange     '0.5.2',
74 silly addNameRange     '0.5.3',
74 silly addNameRange     '0.5.4',
74 silly addNameRange     '0.6.0',
74 silly addNameRange     '0.7.0',
74 silly addNameRange     '0.8.0',
74 silly addNameRange     '0.8.1',
74 silly addNameRange     '0.9.0',
74 silly addNameRange     '0.9.1',
74 silly addNameRange     '0.10.0',
74 silly addNameRange     '0.11.0',
74 silly addNameRange     '0.11.1',
74 silly addNameRange     '0.12.0',
74 silly addNameRange     '0.13.0',
74 silly addNameRange     '0.13.1',
74 silly addNameRange     '0.14.0',
74 silly addNameRange     '0.15.0',
74 silly addNameRange     '0.15.1',
74 silly addNameRange     '0.15.2',
74 silly addNameRange     '0.15.3',
74 silly addNameRange     '0.16.0',
74 silly addNameRange     '0.16.1',
74 silly addNameRange     '0.16.2',
74 silly addNameRange     '0.17.0',
74 silly addNameRange     '0.17.1',
74 silly addNameRange     '0.18.0',
74 silly addNameRange     '0.19.0-beta.1' ] ]
75 silly addNamed axios@0.18.0
76 verbose addNamed "0.18.0" is a plain semver version for axios
77 silly cache afterAdd axios@0.18.0
78 verbose afterAdd /home/baerserk/.npm/axios/0.18.0/package/package.json not in flight; writing
79 verbose afterAdd /home/baerserk/.npm/axios/0.18.0/package/package.json written
80 silly rollbackFailedOptional Starting
81 silly rollbackFailedOptional Finishing
82 silly runTopLevelLifecycles Starting
83 silly runTopLevelLifecycles Finishing
84 silly install printInstalled
85 verbose stack Error: Hostname/IP doesn't match certificate's altnames: "Host: registry.npmjs.org. is not in the cert's altnames: DNS:a.sni.fastly.net, DNS:a.sni.global-ssl.fastly.net"
85 verbose stack     at Object.checkServerIdentity (tls.js:223:17)
85 verbose stack     at TLSSocket.<anonymous> (_tls_wrap.js:1111:29)
85 verbose stack     at emitNone (events.js:106:13)
85 verbose stack     at TLSSocket.emit (events.js:208:7)
85 verbose stack     at TLSSocket._finishInit (_tls_wrap.js:639:8)
85 verbose stack     at TLSWrap.ssl.onhandshakedone (_tls_wrap.js:469:38)
86 verbose cwd /home/baerserk/hackathon2/hackathon3.0/frontend
87 error Linux 4.15.0-33-generic
88 error argv "/usr/bin/node" "/usr/bin/npm" "i"
89 error node v8.10.0
90 error npm  v3.5.2
91 error Hostname/IP doesn't match certificate's altnames: "Host: registry.npmjs.org. is not in the cert's altnames: DNS:a.sni.fastly.net, DNS:a.sni.global-ssl.fastly.net"
92 error If you need help, you may report this error at:
92 error     <https://github.com/npm/npm/issues>
93 verbose exit [ 1, true ]
